\BOOKMARK [0][-]{section*.1}{\376\377\144\130\000\040\211\201\000\040}{}% 1
\BOOKMARK [0][-]{section*.2}{\376\377\000A\000b\000s\000t\000r\000a\000c\000t\000\040}{}% 2
\BOOKMARK [0][-]{section*.3}{\376\377\166\356\000\040\137\125\000\040}{}% 3
\BOOKMARK [0][-]{chapter.1}{\376\377\173\054\0001\172\340\000\040\137\025\212\000}{}% 4
\BOOKMARK [1][-]{section.1.1}{\376\377\173\054\0001\202\202\000\040\200\314\146\157\116\016\141\017\116\111}{chapter.1}% 5
\BOOKMARK [1][-]{section.1.2}{\376\377\173\054\0002\202\202\000\040\126\375\121\205\131\026\170\024\172\166\142\020\147\234}{chapter.1}% 6
\BOOKMARK [0][-]{chapter.2}{\376\377\173\054\0002\172\340\000\040\000E\000C\000A\000P\000A\000-\000T\000D\000N\000N\152\041\127\213}{}% 7
\BOOKMARK [1][-]{section.2.1}{\376\377\173\054\0001\202\202\000\040\000S\000E\000-\000R\000e\000s\0002\000B\000l\000o\000c\000k\152\041\127\127}{chapter.2}% 8
\BOOKMARK [1][-]{section.2.2}{\376\377\173\054\0002\202\202\000\040\131\032\134\102\162\171\137\201\200\132\124\010\124\214\154\102\124\214}{chapter.2}% 9
\BOOKMARK [1][-]{section.2.3}{\376\377\173\054\0003\202\202\000\040\220\032\220\123\124\214\116\012\116\013\145\207\117\235\215\126\166\204\176\337\213\241\154\140\123\026\134\102}{chapter.2}% 10
\BOOKMARK [0][-]{chapter.3}{\376\377\173\054\0003\172\340\000\040\143\137\131\061\121\375\145\160}{}% 11
\BOOKMARK [1][-]{section.3.1}{\376\377\173\054\0001\202\202\000\040\116\244\123\311\161\265\124\214\166\370\133\371\161\265}{chapter.3}% 12
\BOOKMARK [1][-]{section.3.2}{\376\377\173\054\0002\202\202\000\040\000S\000o\000f\000t\000m\000a\000x\123\312\121\166\145\071\217\333}{chapter.3}% 13
\BOOKMARK [0][-]{chapter.4}{\376\377\173\054\0004\172\340\000\040\133\236\232\214\123\312\176\323\147\234}{}% 14
\BOOKMARK [1][-]{section.4.1}{\376\377\173\054\0001\202\202\000\040\145\160\143\156\121\306\131\007}{chapter.4}% 15
\BOOKMARK [1][-]{section.4.2}{\376\377\173\054\0002\202\202\000\040\133\236\232\214\213\276\177\156}{chapter.4}% 16
\BOOKMARK [1][-]{section.4.3}{\376\377\173\054\0003\202\202\000\040\133\236\232\214\176\323\147\234}{chapter.4}% 17
\BOOKMARK [0][-]{chapter.5}{\376\377\173\054\0005\172\340\000\040\174\373\176\337\220\350\177\162}{}% 18
\BOOKMARK [1][-]{section.5.1}{\376\377\173\054\0001\202\202\000\040\174\373\176\337\213\276\213\241}{chapter.5}% 19
\BOOKMARK [1][-]{section.5.2}{\376\377\173\054\0002\202\202\000\040\122\237\200\375\133\236\163\260}{chapter.5}% 20
\BOOKMARK [1][-]{section.5.3}{\376\377\173\054\0003\202\202\000\040\174\373\176\337\155\113\213\325}{chapter.5}% 21
\BOOKMARK [0][-]{section*.4}{\376\377\201\364\000\040\214\042\000\040}{}% 22
